<?xml version="1.0" encoding="UTF-8"?>
<!-- Generated by org.testng.reporters.JUnitReportReporter -->
<testsuite hostname="NC003" name="mips.ProfileSaveActivityGroup" tests="4" failures="0" timestamp="7 Jan 2019 13:17:34 GMT" time="98.481" errors="0">
  <testcase name="VerifyValidLogin" time="9.040" classname="mips.ProfileSaveActivityGroup"/>
  <testcase name="TC_selectPractice" time="16.313" classname="mips.ProfileSaveActivityGroup"/>
  <testcase name="TC_switchToMIPSWindow" time="54.322" classname="mips.ProfileSaveActivityGroup"/>
  <testcase name="TC_selectPractice" time="18.806" classname="mips.ProfileSaveActivityGroup"/>
</testsuite> <!-- mips.ProfileSaveActivityGroup -->
