<?xml version="1.0" encoding="UTF-8"?>
<!-- Generated by org.testng.reporters.JUnitReportReporter -->
<testsuite hostname="NC003" name="DemoMaven.Tests.Login.LoginTest" tests="1" failures="0" timestamp="24 Dec 2018 05:46:43 GMT" time="9.850" errors="0">
  <testcase name="VerifyValidLogin" time="9.850" classname="DemoMaven.Tests.Login.LoginTest"/>
</testsuite> <!-- DemoMaven.Tests.Login.LoginTest -->
