<?xml version="1.0" encoding="UTF-8"?>
<!-- Generated by org.testng.reporters.JUnitReportReporter -->
<testsuite hostname="QUEBEC" name="DemoMaven.Tests.DashBoard.TC_CrossCuttingMeasuresForMeasureSet2018Test" tests="3" failures="0" timestamp="11 Sep 2018 04:00:47 GMT" time="69.938" errors="0">
  <testcase name="VerifyValidLogin" time="24.743" classname="DemoMaven.Tests.DashBoard.TC_CrossCuttingMeasuresForMeasureSet2018Test"/>
  <testcase name="TC_PracticeProvidersPatientDrillDownCountR" time="34.695" classname="DemoMaven.Tests.DashBoard.TC_CrossCuttingMeasuresForMeasureSet2018Test"/>
  <testcase name="TC_CrossCuttingMeasuresForMeasureSet2018" time="10.500" classname="DemoMaven.Tests.DashBoard.TC_CrossCuttingMeasuresForMeasureSet2018Test"/>
</testsuite> <!-- DemoMaven.Tests.DashBoard.TC_CrossCuttingMeasuresForMeasureSet2018Test -->
