<?xml version="1.0" encoding="UTF-8"?>
<!-- Generated by org.testng.reporters.JUnitReportReporter -->
<testsuite skipped="0" hostname="NC003" name="DemoMaven.Tests.DashBoard.NewDashBoardTest" tests="3" failures="0" timestamp="12 Apr 2019 12:52:33 GMT" time="17.667" errors="0">
  <testcase name="VerifyValidLogin" time="9.843" classname="DemoMaven.Tests.DashBoard.NewDashBoardTest"/>
  <testcase name="TC_verifySelectPractice" time="3.347" classname="DemoMaven.Tests.DashBoard.NewDashBoardTest"/>
  <testcase name="TC_ProviderPatientDrillDown" time="4.477" classname="DemoMaven.Tests.DashBoard.NewDashBoardTest"/>
</testsuite> <!-- DemoMaven.Tests.DashBoard.NewDashBoardTest -->
