<?xml version="1.0" encoding="UTF-8"?>
<!-- Generated by org.testng.reporters.JUnitReportReporter -->
<testsuite hostname="NC003" name="mips.ProfileSaveActivityClinician" tests="6" failures="0" timestamp="7 Jan 2019 13:21:26 GMT" time="197.385" errors="0">
  <testcase name="VerifyValidLogin" time="20.632" classname="mips.ProfileSaveActivityClinician"/>
  <testcase name="TC_selectPracticeClinician" time="30.620" classname="mips.ProfileSaveActivityClinician"/>
  <testcase name="TC_selectPracticeClinician" time="30.504" classname="mips.ProfileSaveActivityClinician"/>
  <testcase name="TC_switchToMIPSWindow" time="52.810" classname="mips.ProfileSaveActivityClinician"/>
  <testcase name="TC_selectPracticeClinician" time="30.986" classname="mips.ProfileSaveActivityClinician"/>
  <testcase name="TC_selectPracticeClinician" time="31.833" classname="mips.ProfileSaveActivityClinician"/>
</testsuite> <!-- mips.ProfileSaveActivityClinician -->
